{"message":"listening on port 3001...","level":"info"}
{"message":"listening on port 3001...","level":"info"}
info: listening on port 3001...
info: listening on port 3001...
info: listening on port 3001...
info: listening on port 3001...
info: listening on port 3001...
info: listening on port 3001...

[]
[$]
[[object Object]]
[2019-10-21T05:54:53.899Z]
[2019-10-21T05:54:59.732Z] $
[2019-10-21T05:55:06.682Z] [object Object]
[2019-10-21T05:55:10.881Z] info
[2019-10-21T05:55:19.759Z] info $
[2019-10-21T05:55:22.416Z] info [object Object]
[2019-10-21T05:55:26.443Z] info listening on port 3001...
[2019-10-21T05:57:52.873Z] info listening on port 3001...
[2019-10-21T05:58:02.513Z] info listening on port 3001...
[2019-10-21T05:58:04.762Z] info listening on port 3001...
[2019-10-21T05:58:06.816Z] info listening on port 3001...
[2019-10-21T05:58:13.854Z] info listening on port 3001...
[2019-10-21T06:00:43.158Z] info listening on port 3001...
[2019-10-21T06:00:57.669Z] info listening on port 3001...
[2019-10-21T06:01:16.315Z] info listening on port 3001...
[2019-10-21T06:01:19.150Z] info listening on port 3001...
[2019-10-21T06:01:22.002Z] info listening on port 3001...
[2019-10-21T06:01:29.565Z] info listening on port 3001...
[2019-10-21T06:01:38.284Z] info aman
[2019-10-21T06:02:54.859Z] info aman
[2019-10-21T06:03:12.719Z] info listening on port 3001...
[2019-10-21T06:03:43.732Z] info listening on port 3001...
[2019-10-21T09:17:10.621Z] info listening on port 3001...
[2019-10-21T09:20:08.536Z] info listening on port 3001...
